#
# A fatal error has been detected by the Java Runtime Environment:
#
#  Internal Error (javaClasses.cpp:126), pid=988, tid=1756
#  fatal error: Invalid layout of preloaded class
#
# JRE version:  (8.0_20-b26) (build )
# Java VM: Java HotSpot(TM) 64-Bit Server VM (25.20-b23 mixed mode windows-amd64 compressed oops)
# Failed to write core dump. Minidumps are not enabled by default on client versions of Windows
#
# If you would like to submit a bug report, please visit:
#   http://bugreport.sun.com/bugreport/crash.jsp
#

---------------  T H R E A D  ---------------

Current thread (0x0000000002ce0800):  JavaThread "Unknown thread" [_thread_in_vm, id=1756, stack(0x0000000002bb0000,0x0000000002cb0000)]

Stack: [0x0000000002bb0000,0x0000000002cb0000]
Native frames: (J=compiled Java code, j=interpreted, Vv=VM code, C=native code)
V  [jvm.dll+0x3152fa]
V  [jvm.dll+0x265d03]
V  [jvm.dll+0x266943]
V  [jvm.dll+0x25e1e6]
V  [jvm.dll+0x5e64c]
V  [jvm.dll+0x5e743]
V  [jvm.dll+0x7316a]
V  [jvm.dll+0x734c8]
V  [jvm.dll+0xe3937]
V  [jvm.dll+0xe3cc6]
V  [jvm.dll+0x1f89d7]
V  [jvm.dll+0x229fc4]
V  [jvm.dll+0x14c6f1]
C  [javaw.exe+0x20c6]
C  [javaw.exe+0xc9eb]
C  [javaw.exe+0xca7f]
C  [KERNEL32.DLL+0x12d92]
C  [ntdll.dll+0x9f64]


---------------  P R O C E S S  ---------------

Java Threads: ( => current thread )

Other Threads:

=>0x0000000002ce0800 (exited) JavaThread "Unknown thread" [_thread_in_vm, id=1756, stack(0x0000000002bb0000,0x0000000002cb0000)]

VM state:not at safepoint (not fully initialized)

VM Mutex/Monitor currently owned by a thread: None

GC Heap History (0 events):
No events

Deoptimization events (0 events):
No events

Internal exceptions (0 events):
No events

Events (10 events):
Event: 0.019 loading class java/lang/CharSequence done
Event: 0.019 loading class java/lang/String done
Event: 0.019 loading class java/lang/Class
Event: 0.019 loading class java/lang/reflect/AnnotatedElement
Event: 0.019 loading class java/lang/reflect/AnnotatedElement done
Event: 0.019 loading class java/lang/reflect/GenericDeclaration
Event: 0.019 loading class java/lang/reflect/GenericDeclaration done
Event: 0.019 loading class java/lang/reflect/Type
Event: 0.019 loading class java/lang/reflect/Type done
Event: 0.019 loading class java/lang/Class done


Dynamic libraries:
0x00007ff741770000 - 0x00007ff7417a4000 	C:\Program Files\Java\jre1.8.0_20\bin\javaw.exe
0x00007fff4f520000 - 0x00007fff4f6e1000 	C:\WINDOWS\SYSTEM32\ntdll.dll
0x00007fff4ee70000 - 0x00007fff4ef1d000 	C:\WINDOWS\system32\KERNEL32.DLL
0x00007fff4ca10000 - 0x00007fff4cbed000 	C:\WINDOWS\system32\KERNELBASE.dll
0x00007fff4d540000 - 0x00007fff4d5e6000 	C:\WINDOWS\system32\ADVAPI32.dll
0x00007fff4f210000 - 0x00007fff4f2ad000 	C:\WINDOWS\system32\msvcrt.dll
0x00007fff4f2b0000 - 0x00007fff4f30b000 	C:\WINDOWS\system32\sechost.dll
0x00007fff4ef90000 - 0x00007fff4f0b6000 	C:\WINDOWS\system32\RPCRT4.dll
0x00007fff4f3d0000 - 0x00007fff4f51e000 	C:\WINDOWS\system32\USER32.dll
0x00007fff4cbf0000 - 0x00007fff4cd76000 	C:\WINDOWS\system32\GDI32.dll
0x00007fff439f0000 - 0x00007fff43c64000 	C:\WINDOWS\WinSxS\amd64_microsoft.windows.common-controls_6595b64144ccf1df_6.0.10240.16384_none_f41f7b285750ef43\COMCTL32.dll
0x00007fff4d330000 - 0x00007fff4d366000 	C:\WINDOWS\system32\IMM32.DLL
0x00007fff4d3e0000 - 0x00007fff4d53c000 	C:\WINDOWS\system32\MSCTF.dll
0x00007fff4be40000 - 0x00007fff4be71000 	C:\Windows\system32\nvinitx.dll
0x00007fff4be30000 - 0x00007fff4be3a000 	C:\WINDOWS\SYSTEM32\VERSION.dll
0x000000006f610000 - 0x000000006f6e2000 	C:\Program Files\Java\jre1.8.0_20\bin\msvcr100.dll
0x000000006f6f0000 - 0x000000006ff48000 	C:\Program Files\Java\jre1.8.0_20\bin\server\jvm.dll
0x00007fff4d300000 - 0x00007fff4d308000 	C:\WINDOWS\system32\PSAPI.DLL
0x00007fff3ee80000 - 0x00007fff3ee89000 	C:\WINDOWS\SYSTEM32\WSOCK32.dll
0x00007fff49b60000 - 0x00007fff49b83000 	C:\WINDOWS\SYSTEM32\WINMM.dll
0x00007fff4ef20000 - 0x00007fff4ef89000 	C:\WINDOWS\system32\WS2_32.dll
0x00007fff4f310000 - 0x00007fff4f318000 	C:\WINDOWS\system32\NSI.dll
0x00007fff49b30000 - 0x00007fff49b5c000 	C:\WINDOWS\SYSTEM32\winmmbase.dll
0x00007fff4bff0000 - 0x00007fff4c034000 	C:\WINDOWS\system32\cfgmgr32.dll
0x00007fff4a870000 - 0x00007fff4a897000 	C:\WINDOWS\SYSTEM32\DEVOBJ.dll
0x0000000071740000 - 0x000000007174f000 	C:\Program Files\Java\jre1.8.0_20\bin\verify.dll
0x0000000070d80000 - 0x0000000070da8000 	C:\Program Files\Java\jre1.8.0_20\bin\java.dll
0x0000000070d60000 - 0x0000000070d76000 	C:\Program Files\Java\jre1.8.0_20\bin\zip.dll
0x00007fff3cd40000 - 0x00007fff3ceca000 	C:\WINDOWS\SYSTEM32\dbghelp.dll

VM Arguments:
jvm_args: -Dfile.encoding=Cp1252 -Xbootclasspath:E:\android-sdk_r24.0.2-windows\android-sdk-windows\platforms\android-19\android.jar 
java_command: day2.classobject.TextBox
java_class_path (initial): C:\Users\User\Documents\LBU YEAR2 SEMESTER2\SOFTWARE ENGINEERING\eclipse\Lab4Demo\bin\classes;C:\Users\User\Documents\LBU YEAR2 SEMESTER2\SOFTWARE ENGINEERING\eclipse\Lab4Demo\libs\android-support-v4.jar
Launcher Type: SUN_STANDARD

Environment Variables:
PATH=C:/Program Files/Java/jre1.8.0_20/bin/server;C:/Program Files/Java/jre1.8.0_20/bin;C:/Program Files/Java/jre1.8.0_20/lib/amd64;C:\ProgramData\Oracle\Java\javapath;C:\oraclexe\app\oracle\product\11.2.0\server\bin;;C:\Windows\system32;C:\Windows;C:\Windows\System32\Wbem;C:\Windows\System32\WindowsPowerShell\v1.0\;C:\Program Files (x86)\Rational\common;C:\Program Files (x86)\Microsoft SQL Server\100\Tools\Binn\;C:\Program Files\Microsoft SQL Server\100\Tools\Binn\;C:\Program Files\Microsoft SQL Server\100\DTS\Binn\;C:\Program Files (x86)\Microsoft SQL Server\100\Tools\Binn\VSShell\Common7\IDE\;C:\Program Files (x86)\Microsoft Visual Studio 9.0\Common7\IDE\PrivateAssemblies\;C:\Program Files (x86)\Microsoft SQL Server\100\DTS\Binn\;C:\Program Files (x86)\NVIDIA Corporation\PhysX\Common;C:\Program Files (x86)\QuickTime\QTSystem\;C:\Program Files (x86)\Skype\Phone\;C:\WINDOWS\system32;C:\WINDOWS;C:\WINDOWS\System32\Wbem;C:\WINDOWS\System32\WindowsPowerShell\v1.0\;C:\Users\User\Documents\LBU YEAR2 SEMESTER2\SOFTWARE ENGINEERING\eclipse;
USERNAME=User
OS=Windows_NT
PROCESSOR_IDENTIFIER=Intel64 Family 6 Model 61 Stepping 4, GenuineIntel



---------------  S Y S T E M  ---------------

OS: Windows 8.1 , 64 bit Build 9600 

CPU:total 4 (2 cores per cpu, 2 threads per core) family 6 model 61 stepping 4, cmov, cx8, fxsr, mmx, sse, sse2, sse3, ssse3, sse4.1, sse4.2, popcnt, avx, avx2, aes, clmul, erms, lzcnt, ht, tsc, tscinvbit, bmi1, bmi2

Memory: 4k page, physical 8297972k(4120468k free), swap 10132980k(4432532k free)

vm_info: Java HotSpot(TM) 64-Bit Server VM (25.20-b23) for windows-amd64 JRE (1.8.0_20-b26), built on Jul 30 2014 13:51:23 by "java_re" with MS VC++ 10.0 (VS2010)

time: Fri Nov 06 10:18:12 2015
elapsed time: 0 seconds (0d 0h 0m 0s)

